<?xml version="1.0" encoding="UTF-8"?>
<!-- Generated by org.testng.reporters.JUnitReportReporter -->
<testsuite hostname="DESKTOP-AHG6CVS" failures="0" tests="3" name="test.demo" time="64.486" errors="0" timestamp="2024-02-20T14:50:39 IST" skipped="0">
  <testcase classname="test.demo" name="loginWithValidCredentials" time="54.101"/>
  <system-out/>
  <testcase classname="test.demo" name="AdminDashboard" time="4.949"/>
  <system-out/>
  <testcase classname="test.demo" name="loginwithInvalidCredentials" time="5.436"/>
  <system-out/>
</testsuite> <!-- test.demo -->
