<?xml version="1.0" encoding="UTF-8"?>
<!-- Generated by org.testng.reporters.JUnitReportReporter -->
<testsuite hostname="DESKTOP-AHG6CVS" failures="0" tests="4" name="test.sample" time="0.062" errors="0" timestamp="2024-02-20T14:56:37 IST" skipped="0">
  <testcase classname="test.sample" name="sampleR" time="0.020"/>
  <system-out/>
  <testcase classname="test.sample" name="sampleP" time="0.020"/>
  <system-out/>
  <testcase classname="test.sample" name="sampleO" time="0.020"/>
  <system-out/>
  <testcase classname="test.sample" name="sampleT" time="0.002"/>
  <system-out/>
</testsuite> <!-- test.sample -->
