<?xml version="1.0" encoding="UTF-8"?>
<!-- Generated by org.testng.reporters.JUnitReportReporter -->
<testsuite hostname="DESKTOP-AHG6CVS" failures="0" tests="1" name="test.demo" time="8.018" errors="0" timestamp="2024-02-01T16:30:33 IST" skipped="0">
  <testcase classname="test.demo" name="loginwithInvalidCredentials" time="8.018"/>
  <system-out/>
</testsuite> <!-- test.demo -->
