<?xml version="1.0" encoding="UTF-8"?>
<!-- Generated by org.testng.reporters.JUnitReportReporter -->
<testsuite hostname="DESKTOP-AHG6CVS" failures="0" tests="3" name="test.sample" time="0.010" errors="0" timestamp="2024-02-01T16:30:33 IST" skipped="0">
  <testcase classname="test.sample" name="sampleR" time="0.005"/>
  <system-out/>
  <testcase classname="test.sample" name="sampleO" time="0.003"/>
  <system-out/>
  <testcase classname="test.sample" name="sampleT" time="0.002"/>
  <system-out/>
</testsuite> <!-- test.sample -->
